<?xml version="1.0" encoding="UTF-8"?>
<!-- Generated by org.testng.reporters.JUnitXMLReporter -->
<testsuite ignored="2" hostname="LAPTOP-9NK3MGO2" failures="0" tests="2" name="Test" time="0.127" errors="0" timestamp="2025-11-12T21:01:21 IST">
  <testcase classname="automationcore.Base" name="@BeforeMethod intializeBrowse" time="-1.762961481055E9">
    <failure type="org.testng.TestNGException" message="
Parameter &amp;apos;browsers&amp;apos; is required by BeforeMethod on method intializeBrowse but has not been marked @Optional or defined
in C:\Users\SOUMYASINHA\eclipse-workspace\GroceryApplication\grouping.xml">
      <![CDATA[org.testng.TestNGException: 
Parameter 'browsers' is required by BeforeMethod on method intializeBrowse but has not been marked @Optional or defined
in C:\Users\SOUMYASINHA\eclipse-workspace\GroceryApplication\grouping.xml
at java.base/java.util.ArrayList.forEach(ArrayList.java:1596)
... Removed 28 stack frames]]>
    </failure>
  </testcase> <!-- @BeforeMethod intializeBrowse -->
  <testcase classname="automationcore.Base" name="@BeforeMethod intializeBrowse" time="-1.762961481106E9">
    <failure type="org.testng.TestNGException" message="
Parameter &amp;apos;browsers&amp;apos; is required by BeforeMethod on method intializeBrowse but has not been marked @Optional or defined
in C:\Users\SOUMYASINHA\eclipse-workspace\GroceryApplication\grouping.xml">
      <![CDATA[org.testng.TestNGException: 
Parameter 'browsers' is required by BeforeMethod on method intializeBrowse but has not been marked @Optional or defined
in C:\Users\SOUMYASINHA\eclipse-workspace\GroceryApplication\grouping.xml
at java.base/java.util.ArrayList.forEach(ArrayList.java:1596)
... Removed 28 stack frames]]>
    </failure>
  </testcase> <!-- @BeforeMethod intializeBrowse -->
  <testcase classname="testscript.LoginTest" name="validUserLoginWithValidCredentials" time="0.0">
    <skipped/>
  </testcase> <!-- validUserLoginWithValidCredentials -->
  <testcase classname="testscript.LoginTest" name="invalidUserNameAndInvalidPassword" time="0.001">
    <skipped/>
  </testcase> <!-- invalidUserNameAndInvalidPassword -->
  <testcase classname="testscript.LoginTest" name="validUserNameAndInvalidPassword" time="0.0">
    <ignored/>
  </testcase> <!-- validUserNameAndInvalidPassword -->
  <testcase classname="testscript.LoginTest" name="invalidUserNameAndValidPassword" time="0.0">
    <ignored/>
  </testcase> <!-- invalidUserNameAndValidPassword -->
</testsuite> <!-- Test -->
