<?xml version="1.0" encoding="UTF-8"?>
<!-- Generated by org.testng.reporters.JUnitReportReporter -->
<testsuite hostname="LAPTOP-9NK3MGO2" failures="0" tests="5" name="testscript.LoginTest" time="41.642" errors="0" timestamp="2025-12-01T22:28:39 IST" skipped="0">
  <testcase classname="testscript.LoginTest" name="validUserLoginWithValidCredentials" time="11.186"/>
  <testcase classname="testscript.LoginTest" name="invalidUserNameAndValidPassword" time="5.346"/>
  <testcase classname="testscript.LoginTest" name="validUserNameAndInvalidPassword" time="10.688"/>
  <testcase classname="testscript.LoginTest" name="invalidUserNameAndInvalidPassword" time="7.081"/>
  <testcase classname="testscript.LoginTest" name="invalidUserNameAndInvalidPassword" time="7.341"/>
</testsuite> <!-- testscript.LoginTest -->
