<?xml version="1.0" encoding="UTF-8"?>
<!-- Generated by org.testng.reporters.JUnitXMLReporter -->
<testsuite ignored="0" hostname="LAPTOP-9NK3MGO2" failures="0" tests="5" name="Test" time="41.718" errors="0" timestamp="2025-12-01T22:28:38 IST">
  <testcase classname="testscript.LoginTest" name="validUserLoginWithValidCredentials" time="1.87"/>
  <testcase classname="testscript.LoginTest" name="invalidUserNameAndValidPassword" time="1.129"/>
  <testcase classname="testscript.LoginTest" name="validUserNameAndInvalidPassword" time="1.09"/>
  <testcase classname="testscript.LoginTest" name="invalidUserNameAndInvalidPassword" time="1.717"/>
  <testcase classname="testscript.LoginTest" name="invalidUserNameAndInvalidPassword" time="3.162"/>
</testsuite> <!-- Test -->
