<?xml version="1.0" encoding="UTF-8"?>
<!-- Generated by org.testng.reporters.JUnitXMLReporter -->
<testsuite ignored="3" hostname="LAPTOP-9NK3MGO2" failures="0" tests="1" name="Default test" time="0.154" errors="0" timestamp="2025-11-27T21:10:50 IST">
  <testcase classname="automationcore.Base" name="@BeforeMethod intializeBrowse" time="-1.764258050649E9">
    <failure type="org.testng.TestNGException" message="
Parameter &amp;apos;browsers&amp;apos; is required by BeforeMethod on method intializeBrowse but has not been marked @Optional or defined
in C:\Users\SOUMYASINHA\AppData\Local\Temp\testng-eclipse--30862441\testng-customsuite.xml">
      <![CDATA[org.testng.TestNGException: 
Parameter 'browsers' is required by BeforeMethod on method intializeBrowse but has not been marked @Optional or defined
in C:\Users\SOUMYASINHA\AppData\Local\Temp\testng-eclipse--30862441\testng-customsuite.xml
at org.testng.internal.Parameters.createParams(Parameters.java:264)
at org.testng.internal.Parameters.createParametersForMethod(Parameters.java:352)
at org.testng.internal.Parameters.createParameters(Parameters.java:690)
at org.testng.internal.Parameters.createConfigurationParameters(Parameters.java:163)
at org.testng.internal.invokers.ConfigInvoker.invokeConfigurations(ConfigInvoker.java:313)
at org.testng.internal.invokers.TestInvoker.runConfigMethods(TestInvoker.java:836)
at org.testng.internal.invokers.TestInvoker.invokeMethod(TestInvoker.java:601)
at org.testng.internal.invokers.TestInvoker.invokeTestMethod(TestInvoker.java:230)
at org.testng.internal.invokers.MethodRunner.runInSequence(MethodRunner.java:63)
at org.testng.internal.invokers.TestInvoker$MethodInvocationAgent.invoke(TestInvoker.java:995)
at org.testng.internal.invokers.TestInvoker.invokeTestMethods(TestInvoker.java:203)
at org.testng.internal.invokers.TestMethodWorker.invokeTestMethods(TestMethodWorker.java:154)
at org.testng.internal.invokers.TestMethodWorker.run(TestMethodWorker.java:134)
at java.base/java.util.ArrayList.forEach(ArrayList.java:1596)
at org.testng.TestRunner.privateRun(TestRunner.java:741)
at org.testng.TestRunner.run(TestRunner.java:616)
at org.testng.SuiteRunner.runTest(SuiteRunner.java:421)
at org.testng.SuiteRunner.runSequentially(SuiteRunner.java:413)
at org.testng.SuiteRunner.privateRun(SuiteRunner.java:373)
at org.testng.SuiteRunner.run(SuiteRunner.java:312)
at org.testng.SuiteRunnerWorker.runSuite(SuiteRunnerWorker.java:52)
at org.testng.SuiteRunnerWorker.run(SuiteRunnerWorker.java:95)
at org.testng.TestNG.runSuitesSequentially(TestNG.java:1274)
at org.testng.TestNG.runSuitesLocally(TestNG.java:1208)
at org.testng.TestNG.runSuites(TestNG.java:1112)
at org.testng.TestNG.run(TestNG.java:1079)
at org.testng.remote.AbstractRemoteTestNG.run(AbstractRemoteTestNG.java:115)
at org.testng.remote.RemoteTestNG.initAndRun(RemoteTestNG.java:293)
at org.testng.remote.RemoteTestNG.main(RemoteTestNG.java:91)
]]>
    </failure>
  </testcase> <!-- @BeforeMethod intializeBrowse -->
  <testcase classname="testscript.LoginTest" name="validUserLoginWithValidCredentials" time="0.0">
    <skipped/>
  </testcase> <!-- validUserLoginWithValidCredentials -->
  <testcase classname="testscript.LoginTest" name="validUserNameAndInvalidPassword" time="0.0">
    <ignored/>
  </testcase> <!-- validUserNameAndInvalidPassword -->
  <testcase classname="testscript.LoginTest" name="invalidUserNameAndValidPassword" time="0.0">
    <ignored/>
  </testcase> <!-- invalidUserNameAndValidPassword -->
  <testcase classname="testscript.LoginTest" name="invalidUserNameAndInvalidPassword" time="0.0">
    <ignored/>
  </testcase> <!-- invalidUserNameAndInvalidPassword -->
</testsuite> <!-- Default test -->
